<?xml version="1.0" encoding="UTF-8"?>
<!-- Generated by org.testng.reporters.JUnitXMLReporter -->
<testsuite ignored="4" hostname="ITPL-LTP-022" failures="0" tests="2" name="Test" time="4.68" errors="0" timestamp="2025-04-28T14:39:09 IST">
  <testcase classname="GreenKart.TestCases.GreenKartDashboardTest" name="testAddToCart" time="1.507"/>
  <testcase classname="GreenKart.TestCases.CartTest" name="testCartProducts" time="3.069"/>
  <testcase classname="GreenKart.Base.BaseComponent" name="@AfterSuite tearDown" time="0.0">
    <ignored/>
  </testcase> <!-- @AfterSuite tearDown -->
  <testcase classname="GreenKart.Base.BaseComponent" name="@BeforeSuite setup" time="0.0">
    <ignored/>
  </testcase> <!-- @BeforeSuite setup -->
  <testcase classname="GreenKart.Base.BaseComponent" name="@AfterSuite tearDown" time="0.0">
    <ignored/>
  </testcase> <!-- @AfterSuite tearDown -->
  <testcase classname="GreenKart.Base.BaseComponent" name="@BeforeSuite setup" time="0.0">
    <ignored/>
  </testcase> <!-- @BeforeSuite setup -->
</testsuite> <!-- Test -->
