<?xml version="1.0" encoding="UTF-8"?>
<testng-results ignored="0" total="2" passed="2" failed="0" skipped="0">
  <reporter-output>
  </reporter-output>
  <suite started-at="2025-04-28T14:39:04 IST" name="Suite" finished-at="2025-04-28T14:39:09 IST" duration-ms="4680">
    <groups>
    </groups>
    <test started-at="2025-04-28T14:39:04 IST" name="Test" finished-at="2025-04-28T14:39:09 IST" duration-ms="4680">
      <class name="GreenKart.Base.BaseComponent">
        <test-method is-config="true" signature="setup()[pri:0, instance:GreenKart.Base.BaseComponent@332729ad]" started-at="2025-04-28T14:38:54 IST" name="setup" finished-at="2025-04-28T14:39:04 IST" duration-ms="10408" status="PASS">
          <reporter-output>
          </reporter-output>
        </test-method> <!-- setup -->
        <test-method is-config="true" signature="tearDown()[pri:0, instance:GreenKart.Base.BaseComponent@332729ad]" started-at="2025-04-28T14:39:09 IST" name="tearDown" finished-at="2025-04-28T14:39:09 IST" duration-ms="1" status="PASS">
          <reporter-output>
          </reporter-output>
        </test-method> <!-- tearDown -->
      </class> <!-- GreenKart.Base.BaseComponent -->
      <class name="GreenKart.TestCases.CartTest">
        <test-method signature="testCartProducts()[pri:2, instance:GreenKart.TestCases.CartTest@5965be2d]" started-at="2025-04-28T14:39:06 IST" name="testCartProducts" finished-at="2025-04-28T14:39:09 IST" duration-ms="3069" status="PASS">
          <reporter-output>
          </reporter-output>
        </test-method> <!-- testCartProducts -->
      </class> <!-- GreenKart.TestCases.CartTest -->
      <class name="GreenKart.TestCases.GreenKartDashboardTest">
        <test-method signature="testAddToCart()[pri:1, instance:GreenKart.TestCases.GreenKartDashboardTest@176b75f7]" started-at="2025-04-28T14:39:05 IST" name="testAddToCart" finished-at="2025-04-28T14:39:06 IST" duration-ms="1507" status="PASS">
          <reporter-output>
          </reporter-output>
        </test-method> <!-- testAddToCart -->
      </class> <!-- GreenKart.TestCases.GreenKartDashboardTest -->
    </test> <!-- Test -->
  </suite> <!-- Suite -->
</testng-results>
